0 info it worked if it ends with ok
1 verbose cli [ '/usr/local/bin/node', '/usr/local/bin/npm', 'install', '-g' ]
2 info using npm@2.14.4
3 info using node@v4.1.1
4 verbose install initial load of /usr/local/lib/package.json
5 verbose readDependencies loading dependencies from /usr/local/lib/package.json
6 silly cache add args [ '.', null ]
7 verbose cache add spec .
8 silly cache add parsed spec Result {
8 silly cache add   raw: '.',
8 silly cache add   scope: null,
8 silly cache add   name: null,
8 silly cache add   rawSpec: '.',
8 silly cache add   spec: '/Users/WHACK/wementor',
8 silly cache add   type: 'directory' }
9 verbose addLocalDirectory /Users/WHACK/.npm/node-js-getting-started/0.1.5/package.tgz not in flight; packing
10 verbose tar pack [ '/Users/WHACK/.npm/node-js-getting-started/0.1.5/package.tgz',
10 verbose tar pack   '/Users/WHACK/wementor' ]
11 verbose tarball /Users/WHACK/.npm/node-js-getting-started/0.1.5/package.tgz
12 verbose folder /Users/WHACK/wementor
13 info prepublish node-js-getting-started@0.1.5
14 verbose addLocalTarball adding from inside cache /Users/WHACK/.npm/node-js-getting-started/0.1.5/package.tgz
15 silly cache afterAdd node-js-getting-started@0.1.5
16 verbose afterAdd /Users/WHACK/.npm/node-js-getting-started/0.1.5/package/package.json not in flight; writing
17 verbose afterAdd /Users/WHACK/.npm/node-js-getting-started/0.1.5/package/package.json written
18 silly install resolved [ { name: 'node-js-getting-started',
18 silly install resolved     version: '0.1.5',
18 silly install resolved     description: 'A sample Node.js app using Express 4',
18 silly install resolved     main: 'index.js',
18 silly install resolved     scripts: { start: 'node index.js' },
18 silly install resolved     dependencies:
18 silly install resolved      { 'body-parser': '1.14.1',
18 silly install resolved        ejs: '2.3.3',
18 silly install resolved        express: '4.13.3',
18 silly install resolved        pg: '4.4.2' },
18 silly install resolved     engines: { node: '0.12.7' },
18 silly install resolved     repository:
18 silly install resolved      { type: 'git',
18 silly install resolved        url: 'git+https://github.com/heroku/node-js-getting-started.git' },
18 silly install resolved     keywords: [ 'node', 'heroku', 'express' ],
18 silly install resolved     license: 'MIT',
18 silly install resolved     readme: '# node-js-getting-started\n\nA barebones Node.js app using [Express 4](http://expressjs.com/).\n\nThis application supports the [Getting Started with Node on Heroku](https://devcenter.heroku.com/articles/getting-started-with-nodejs) article - check it out.\n\n[![Deploy to Heroku](https://www.herokucdn.com/deploy/button.png)](https://heroku.com/deploy)\n\n## Running Locally\n\nMake sure you have [Node.js](http://nodejs.org/) and the [Heroku Toolbelt](https://toolbelt.heroku.com/) installed.\n\n```sh\n$ git clone git@github.com:heroku/node-js-getting-started.git # or clone your own fork\n$ cd node-js-getting-started\n$ npm install\n$ npm start\n```\n\nYour app should now be running on [localhost:5000](http://localhost:5000/).\n\n## Deploying to Heroku\n\n```\n$ heroku create\n$ git push heroku master\n$ heroku open\n```\n\n## Documentation\n\nFor more information about using Node.js on Heroku, see these Dev Center articles:\n\n- [Getting Started with Node.js on Heroku](https://devcenter.heroku.com/articles/getting-started-with-nodejs)\n- [Heroku Node.js Support](https://devcenter.heroku.com/articles/nodejs-support)\n- [Node.js on Heroku](https://devcenter.heroku.com/categories/nodejs)\n- [Best Practices for Node.js Development](https://devcenter.heroku.com/articles/node-best-practices)\n- [Using WebSockets on Heroku with Node.js](https://devcenter.heroku.com/articles/node-websockets)\n',
18 silly install resolved     readmeFilename: 'README.md',
18 silly install resolved     gitHead: 'ca65333c640462be13e4fc741032cbc327c3b006',
18 silly install resolved     bugs: { url: 'https://github.com/heroku/node-js-getting-started/issues' },
18 silly install resolved     homepage: 'https://github.com/heroku/node-js-getting-started#readme',
18 silly install resolved     _id: 'node-js-getting-started@0.1.5',
18 silly install resolved     _shasum: '0b1e319bc1c78301daa2b371273025ab9f91ec48',
18 silly install resolved     _from: '../../Users/WHACK/wementor',
18 silly install resolved     _resolved: 'file:../../Users/WHACK/wementor' } ]
19 info install node-js-getting-started@0.1.5 into /usr/local/lib
20 info installOne node-js-getting-started@0.1.5
21 verbose installOne of node-js-getting-started to /usr/local/lib not in flight; installing
22 verbose lock using /Users/WHACK/.npm/_locks/node-js-getting-started-fa21f74aa69f0122.lock for /usr/local/lib/node_modules/node-js-getting-started
23 warn engine node-js-getting-started@0.1.5: wanted: {"node":"0.12.7"} (current: {"node":"4.1.1","npm":"2.14.4"})
24 silly install write writing node-js-getting-started 0.1.5 to /usr/local/lib/node_modules/node-js-getting-started
25 verbose unbuild lib/node_modules/node-js-getting-started
26 silly gentlyRm /usr/local/lib/node_modules/node-js-getting-started is being purged from base /usr/local
27 verbose gentlyRm don't care about contents; nuking /usr/local/lib/node_modules/node-js-getting-started
28 verbose tar unpack /Users/WHACK/.npm/node-js-getting-started/0.1.5/package.tgz
29 verbose tar unpacking to /usr/local/lib/node_modules/node-js-getting-started
30 silly gentlyRm /usr/local/lib/node_modules/node-js-getting-started is being purged
31 verbose gentlyRm don't care about contents; nuking /usr/local/lib/node_modules/node-js-getting-started
32 silly gunzTarPerm modes [ '755', '644' ]
33 error tar.unpack untar error /Users/WHACK/.npm/node-js-getting-started/0.1.5/package.tgz
34 verbose unlock done using /Users/WHACK/.npm/_locks/node-js-getting-started-fa21f74aa69f0122.lock for /usr/local/lib/node_modules/node-js-getting-started
35 verbose fstream_path /usr/local/lib/node_modules/node-js-getting-started
36 verbose fstream_type Directory
37 verbose fstream_class DirWriter
38 verbose stack Error: EACCES: permission denied, mkdir '/usr/local/lib/node_modules/node-js-getting-started'
38 verbose stack     at Error (native)
39 verbose fstream_stack /usr/local/lib/node_modules/npm/node_modules/fstream/lib/dir-writer.js:35:25
39 verbose fstream_stack /usr/local/lib/node_modules/npm/node_modules/mkdirp/index.js:47:53
39 verbose fstream_stack FSReqWrap.oncomplete (fs.js:82:15)
40 verbose cwd /Users/WHACK/wementor
41 error Darwin 13.4.0
42 error argv "/usr/local/bin/node" "/usr/local/bin/npm" "install" "-g"
43 error node v4.1.1
44 error npm  v2.14.4
45 error path /usr/local/lib/node_modules/node-js-getting-started
46 error code EACCES
47 error errno -13
48 error syscall mkdir
49 error Error: EACCES: permission denied, mkdir '/usr/local/lib/node_modules/node-js-getting-started'
49 error     at Error (native)
49 error  { [Error: EACCES: permission denied, mkdir '/usr/local/lib/node_modules/node-js-getting-started']
49 error   errno: -13,
49 error   code: 'EACCES',
49 error   syscall: 'mkdir',
49 error   path: '/usr/local/lib/node_modules/node-js-getting-started',
49 error   fstream_type: 'Directory',
49 error   fstream_path: '/usr/local/lib/node_modules/node-js-getting-started',
49 error   fstream_class: 'DirWriter',
49 error   fstream_stack:
49 error    [ '/usr/local/lib/node_modules/npm/node_modules/fstream/lib/dir-writer.js:35:25',
49 error      '/usr/local/lib/node_modules/npm/node_modules/mkdirp/index.js:47:53',
49 error      'FSReqWrap.oncomplete (fs.js:82:15)' ] }
50 error Please try running this command again as root/Administrator.
51 verbose exit [ -13, true ]
52 verbose unbuild lib/node_modules/node-js-getting-started
53 silly gentlyRm /usr/local/lib/node_modules/node-js-getting-started is being purged from base /usr/local
54 verbose gentlyRm don't care about contents; nuking /usr/local/lib/node_modules/node-js-getting-started
